Determining if the pthread_create exist failed with the following output:
Change Dir: /home/matthias/soa-alloc/mallocmc/CMakeFiles/CMakeTmp

Run Build Command:"/usr/bin/make" "cmTC_423ec/fast"
/usr/bin/make -f CMakeFiles/cmTC_423ec.dir/build.make CMakeFiles/cmTC_423ec.dir/build
make[1]: Entering directory '/home/matthias/soa-alloc/mallocmc/CMakeFiles/CMakeTmp'
Building C object CMakeFiles/cmTC_423ec.dir/CheckSymbolExists.c.o
/usr/bin/cc    -fPIC    -o CMakeFiles/cmTC_423ec.dir/CheckSymbolExists.c.o   -c /home/matthias/soa-alloc/mallocmc/CMakeFiles/CMakeTmp/CheckSymbolExists.c
Linking C executable cmTC_423ec
/usr/bin/cmake -E cmake_link_script CMakeFiles/cmTC_423ec.dir/link.txt --verbose=1
/usr/bin/cc  -fPIC     CMakeFiles/cmTC_423ec.dir/CheckSymbolExists.c.o  -o cmTC_423ec -rdynamic 
CMakeFiles/cmTC_423ec.dir/CheckSymbolExists.c.o: In function `main':
CheckSymbolExists.c:(.text+0x1b): undefined reference to `pthread_create'
collect2: error: ld returned 1 exit status
CMakeFiles/cmTC_423ec.dir/build.make:97: recipe for target 'cmTC_423ec' failed
make[1]: *** [cmTC_423ec] Error 1
make[1]: Leaving directory '/home/matthias/soa-alloc/mallocmc/CMakeFiles/CMakeTmp'
Makefile:126: recipe for target 'cmTC_423ec/fast' failed
make: *** [cmTC_423ec/fast] Error 2

File /home/matthias/soa-alloc/mallocmc/CMakeFiles/CMakeTmp/CheckSymbolExists.c:
/* */
#include <pthread.h>

int main(int argc, char** argv)
{
  (void)argv;
#ifndef pthread_create
  return ((int*)(&pthread_create))[argc];
#else
  (void)argc;
  return 0;
#endif
}

Determining if the function pthread_create exists in the pthreads failed with the following output:
Change Dir: /home/matthias/soa-alloc/mallocmc/CMakeFiles/CMakeTmp

Run Build Command:"/usr/bin/make" "cmTC_de486/fast"
/usr/bin/make -f CMakeFiles/cmTC_de486.dir/build.make CMakeFiles/cmTC_de486.dir/build
make[1]: Entering directory '/home/matthias/soa-alloc/mallocmc/CMakeFiles/CMakeTmp'
Building C object CMakeFiles/cmTC_de486.dir/CheckFunctionExists.c.o
/usr/bin/cc    -fPIC -DCHECK_FUNCTION_EXISTS=pthread_create   -o CMakeFiles/cmTC_de486.dir/CheckFunctionExists.c.o   -c /usr/share/cmake-3.5/Modules/CheckFunctionExists.c
Linking C executable cmTC_de486
/usr/bin/cmake -E cmake_link_script CMakeFiles/cmTC_de486.dir/link.txt --verbose=1
/usr/bin/cc  -fPIC -DCHECK_FUNCTION_EXISTS=pthread_create    CMakeFiles/cmTC_de486.dir/CheckFunctionExists.c.o  -o cmTC_de486 -rdynamic -lpthreads 
/usr/bin/ld: cannot find -lpthreads
collect2: error: ld returned 1 exit status
CMakeFiles/cmTC_de486.dir/build.make:97: recipe for target 'cmTC_de486' failed
make[1]: *** [cmTC_de486] Error 1
make[1]: Leaving directory '/home/matthias/soa-alloc/mallocmc/CMakeFiles/CMakeTmp'
Makefile:126: recipe for target 'cmTC_de486/fast' failed
make: *** [cmTC_de486/fast] Error 2


